20230712	15:38:40	061bc954-2baf-4c99-9a4e-3743accb550f	GET	/	undefined
20230712	15:38:40	da7ee9cd-897a-4602-95c5-4f8b32093b91	GET	/css/style.css	undefined
20230712	15:38:42	582b696a-616f-4fca-8bb0-c0d7e5955ed0	GET	/favicon.ico	undefined
20230712	15:57:34	13d6c6c6-65fc-4eba-954f-3b979dbea34a	OPTIONS	/	https://www.google.com
20230712	15:57:34	dd7979a3-879f-4296-b44a-6204c5869f86	GET	/	https://www.google.com
20230712	15:58:09	1373653c-b8af-4ae5-aa55-b92ea0d9783d	OPTIONS	/	https://www.google.com
20230712	15:58:09	e2681c1b-753e-4b57-b032-91684c928f75	GET	/	https://www.google.com
20230826	01:17:02	d3814b2a-b47b-4d96-aa6e-faa48470d7b3	GET	/users	undefined
20230826	01:18:04	111908c0-8ddc-402f-8687-61f7a804d0f9	GET	/users	undefined
20230826	01:20:08	11d6a35f-5523-4cd5-9f5c-15234f3fb7ba	POST	/users	undefined
20230826	01:20:20	4ce2233c-131a-4c29-8eda-d76df4001b05	GET	/users	undefined
20230826	01:21:46	966e0e0a-38fc-46d8-b252-4a1c38f3ab02	POST	/users	undefined
20230826	01:22:24	1f3d0b22-3ecd-4f95-ada6-7e550ad658a1	POST	/users	undefined
20230826	01:22:33	56148d9a-4943-468a-8a37-114083c4cb01	POST	/users	undefined
20230826	01:23:14	f0e0a163-fba2-49d8-b7ee-75d1de1f4265	POST	/users	undefined
20230826	01:23:46	8037e290-9352-4fe5-ba01-33ed32d2d3aa	POST	/users	undefined
20230826	01:24:43	a62aed11-d34c-47cf-b6e8-c83555d43bb2	GET	/users	undefined
20230826	01:25:25	0011a7f6-6027-48ee-a37c-d6600676a229	PATCH	/users	undefined
20230826	01:26:19	362c6dec-dc86-4efd-9d30-d1cc16a7b25f	PATCH	/users	undefined
20230826	01:26:39	f313d294-705b-4086-ab98-f2adb25f52f3	PATCH	/users	undefined
20230826	01:27:12	0cfff018-553c-4c4b-a7c2-1f0592c9af80	PATCH	/users	undefined
20230826	01:27:32	d4e3dc82-1fbf-4cfb-aeef-82cec29c7377	PATCH	/users	undefined
20230826	01:28:28	c4d54a89-e4b5-4b4d-b565-8309692d099f	PATCH	/users	undefined
20230826	01:28:34	46a518e6-f373-4fe6-818e-5dd17eaa77ce	GET	/users	undefined
20230826	01:29:35	6e0a35c9-94b1-4cbb-a656-b598bd9e7fc5	POST	/users	undefined
20230826	01:29:43	cb998600-cc6c-407c-b23b-1c32ad2d3079	GET	/users	undefined
20230826	01:30:19	25764b13-fb90-4404-8d3f-c2ff4aa70753	PATCH	/users	undefined
20230826	01:32:40	54b5f268-b51e-4e28-8013-dcde3f8507ce	DELETE	/users	undefined
20230826	01:32:49	b2ffea47-5de0-4309-8664-b696577a8f98	DELETE	/users	undefined
20230826	01:33:04	109984b7-6b58-4efa-9f70-8a1db03bef94	GET	/users	undefined
20230826	01:33:24	28d31977-2b0d-4790-a7a6-922745d039fd	DELETE	/users	undefined
20230826	01:33:30	e5a645f9-cf57-4ce5-9517-15782fded170	GET	/users	undefined
20230828	01:42:53	dd174bea-cead-49d2-89a3-858d2a029db4	GET	/users	http://localhost:3001
20230828	01:43:54	24a51333-73aa-46b2-bf09-fb34f45911a9	GET	/users	undefined
20230828	01:44:26	a93f79a2-86f7-4376-8f74-62f24895b5ef	POST	/users	undefined
20230828	01:44:30	ddc3cf7c-8963-42af-b92d-63b38e9c219a	GET	/users	undefined
20230828	01:44:37	8dd4942c-b58e-45c8-80e5-cbbfa7447ce1	GET	/users	http://localhost:3001
20230828	01:47:25	0dbc62bf-6b24-4e3b-8209-ef7b4946a456	GET	/users	http://localhost:3001
20230828	01:51:25	80c1f649-bb20-49a2-9572-ea2c2dd00045	GET	/notes	http://localhost:3001
20230828	01:53:04	52f00516-3d54-4e3b-b8c4-8092a133a1ef	GET	/notes	undefined
20230828	01:55:10	ea620512-deb3-484b-a305-cac7a449e530	POST	/notes	undefined
20230828	01:56:18	d9e81fd8-6be9-4351-8c68-842025619093	GET	/users	undefined
20230828	01:56:27	92b64c40-d111-486b-af0d-64dc193b0284	POST	/notes	undefined
20230828	01:56:51	13a179f8-6465-4d88-b257-586f37589ac5	GET	/notes	undefined
20230828	01:56:55	34883e2f-941a-4608-99f6-fb657b567767	POST	/notes	undefined
20230828	01:57:27	7b8decc7-7389-4161-a125-92e45b60a8fe	POST	/notes	undefined
20230904	10:30:48	50de7b2c-b369-4e82-aab6-bf3af7b733f1	GET	/users	http://localhost:3001
20230904	10:33:40	d7911694-681e-4119-b460-6667d666b13b	GET	/users	http://localhost:3001
20230904	10:35:26	c5d33d45-fc94-40cc-8afe-e0fc8ac99725	GET	/users	http://localhost:3001
20230904	10:42:17	4167c747-8d66-47f0-adf0-1e22fa98891b	GET	/notes	http://localhost:3001
20230904	10:42:17	7045b8ba-2c02-4d34-9e33-2b8afcd47f52	GET	/users	http://localhost:3001
20230904	10:42:22	404be771-06af-41e2-9542-8c7e53436cd6	GET	/notes	http://localhost:3001
20230904	10:43:06	dfed5246-8d5e-48a9-8171-65351419340a	OPTIONS	/users	http://localhost:3001
20230904	10:43:06	369974d6-fb4a-4359-a183-270a8aa1a79f	PATCH	/users	http://localhost:3001
20230904	10:43:06	71af19ef-67c3-4ab9-851b-41a80817713f	GET	/users	http://localhost:3001
20230904	10:43:16	fd300b4d-6350-4d0c-9c1f-14d36b03eef7	OPTIONS	/users	http://localhost:3001
20230904	10:43:16	a8c35a17-1453-4ed0-be8a-5804ff6ae2f2	PATCH	/users	http://localhost:3001
20230904	10:43:16	840ee5c4-dbd6-402f-97f7-fd52566336f0	GET	/users	http://localhost:3001
20230904	10:43:37	b5a73141-d0c1-410d-9201-fe11330013a8	OPTIONS	/users	http://localhost:3001
20230904	10:43:37	47ca1793-8b1a-4109-8c5d-6ccfbd35be0e	PATCH	/users	http://localhost:3001
20230904	10:43:38	5e8e20cf-c462-49cb-aeba-2247c7a51ec6	GET	/users	http://localhost:3001
20230904	10:44:44	21e53453-d0e7-4f26-8bf8-a7321b322861	GET	/users	http://localhost:3001
20230904	10:44:44	73f0b172-70b9-44b5-a190-632ffba9a58a	GET	/notes	http://localhost:3001
20230904	10:45:07	94bb8e48-450d-4f9b-a328-284c2436bf91	OPTIONS	/users	http://localhost:3001
20230904	10:45:07	a71840e7-647c-4823-a706-014ee64a4b13	POST	/users	http://localhost:3001
20230904	10:45:07	ae531e03-f983-4666-b37c-79d5b92ecdfa	GET	/users	http://localhost:3001
20230904	10:45:46	aec6f224-5680-467f-977c-3ad1d496d783	OPTIONS	/users	http://localhost:3001
20230904	10:45:46	8751bbbf-1d55-40ff-918e-74f5f5d6c5de	DELETE	/users	http://localhost:3001
20230904	10:45:46	7ffdb0f3-636e-4137-a1bb-850167b948dd	GET	/users	http://localhost:3001
20230904	10:47:09	8531d232-d5ec-4487-9adc-e598cb554e49	GET	/users	http://localhost:3001
20230904	10:47:09	91c3b131-dcc3-4d5f-b18f-1fd076f38cea	GET	/notes	http://localhost:3001
20230905	10:30:21	2b88cb34-f4a8-4f2d-9fa1-c6794850dd24	POST	/auth	undefined
20230905	11:21:56	e0876870-9766-4a19-bf0b-328a68a67680	GET	/refresh	undefined
20230905	11:22:07	286dc81f-260f-49b8-987e-588ba61d4f09	GET	/auth/refresh	undefined
20230905	11:22:47	7d3cfedc-6c92-48fd-aae7-c877243d3045	GET	/auth/refresh	undefined
20230905	11:23:18	5313a134-a47e-4262-b490-4f21d3d488ac	POST	/auth/logout	undefined
20230905	11:23:36	f9ad021a-1f44-4e4f-8851-b0cc4587dbbf	POST	/auth	undefined
20230905	11:24:38	9bd6dc87-4323-42ed-a3af-9cce97ecfa8b	GET	/notes	undefined
20230905	11:25:45	a70f7da9-0d3e-483c-b817-a06af57fd646	POST	/auth	undefined
20230905	11:26:14	06365092-d3d9-4851-bf14-91c062c2ce1f	GET	/notes	undefined
20230905	11:26:38	4f3cd4e0-4c2f-4064-94eb-a7b0bd85c941	GET	/users	undefined
20230905	11:26:46	af5a8448-885a-4924-8ce5-2bc35b7d663d	GET	/notes	undefined
20230905	14:19:58	2edb4643-e5c1-4a6a-9573-d282c71f45d9	OPTIONS	/auth	http://localhost:3001
20230905	14:19:58	b7f7b158-aa06-43fe-9c0d-94b39f2fca6e	POST	/auth	http://localhost:3001
20230905	14:20:02	13ea7dcc-1a07-49ba-abd4-44d84ded8884	POST	/auth	http://localhost:3001
20230905	14:20:09	ed907bf4-4c2c-4cc3-8b19-666185f1bfa0	OPTIONS	/auth	http://localhost:3001
20230905	14:20:09	427a05ff-7e86-48e4-97dd-85c6c81a7058	POST	/auth	http://localhost:3001
20230905	14:20:09	815d6865-ba6d-4b3f-9018-198380ec390e	GET	/notes	http://localhost:3001
20230905	14:20:09	5e408dd4-65b9-40fc-823e-4b2088a5a668	GET	/users	http://localhost:3001
20230905	14:20:23	70ddf4c9-232a-438c-a9d2-add0fa684aff	GET	/notes	http://localhost:3001
20230905	14:20:29	f985c747-9a93-46a4-be6e-31e199239a8b	GET	/users	http://localhost:3001
20230905	14:20:35	57962e30-c7a5-456f-881c-919fb89084c9	GET	/users	http://localhost:3001
20230905	14:20:51	6ff5a53b-1469-4d26-9c39-acdb24edd7ca	GET	/users	http://localhost:3001
20230905	14:21:05	94041430-4f73-4226-b343-2c9cfd57117b	GET	/notes	http://localhost:3001
20230905	14:21:05	f9d9ed18-2dad-4f4e-9b32-14f528668492	GET	/users	http://localhost:3001
20230905	14:23:25	9b81268a-4f3b-4269-986c-20a75e012052	GET	/notes	http://localhost:3001
20230905	14:23:25	129fe5bf-9220-4c39-bf87-92716538e567	GET	/users	http://localhost:3001
20230905	14:26:23	0cebea17-aaec-4585-bfa5-e350cc95fab4	GET	/notes	http://localhost:3001
20230905	14:26:23	82d7e69c-1d7d-4513-a093-3a4d5b3dfd80	GET	/users	http://localhost:3001
20230905	14:27:03	d47acb4b-7105-42e3-aac5-37f2bc15456e	GET	/notes	http://localhost:3001
20230905	14:27:03	0f2c63f0-d1d7-40e7-be4b-0dff5559b0d9	GET	/users	http://localhost:3001
20230905	14:27:22	11da334f-7c17-4946-9f1f-3109fb14a886	POST	/auth/logout	http://localhost:3001
20230905	14:27:41	58cf0487-622c-43b7-ad1f-9bf0c3856e2f	OPTIONS	/auth	http://localhost:3001
20230905	14:27:41	dadfc65e-ee5e-4cdf-b65f-fbc5e5a43045	POST	/auth	http://localhost:3001
20230905	14:27:41	967879bc-1aab-44c3-8a09-31a09525b5b2	GET	/notes	http://localhost:3001
20230905	14:27:41	98c035c4-fbce-4289-82dc-ac0d4b43ca8f	GET	/users	http://localhost:3001
20230905	14:28:36	0c82b1cc-4c6e-424a-b2fb-6538ac6dafd1	POST	/auth/logout	http://localhost:3001
20230905	14:29:47	21a040e2-1d8d-4635-9744-8c464cb6c2e6	OPTIONS	/auth	http://localhost:3001
20230905	14:29:47	e499b18d-e8a7-4b34-96e6-f1d208cd63fd	POST	/auth	http://localhost:3001
20230905	14:29:47	8d3794ab-4d59-4461-9632-f15e47c36e79	GET	/notes	http://localhost:3001
20230905	14:29:47	444d51dc-f3ec-4a52-9a9a-38aa72f278f7	GET	/users	http://localhost:3001
20230905	14:30:02	ae788d90-06d4-46b7-8fb4-6baa07a7a5d4	GET	/notes	http://localhost:3001
20230905	14:30:09	59de3205-3e4e-4a9f-bb8b-534882464476	GET	/users	http://localhost:3001
20230908	12:11:21	d2bb2e69-5f51-4211-a41c-ec37cb12fbfc	OPTIONS	/auth	http://localhost:3001
20230908	12:11:21	f898edc8-74d8-4230-8f66-c541cfbbacb0	POST	/auth	http://localhost:3001
20230908	12:11:22	15da0109-3f5f-4710-86d2-e50be0bfe6aa	OPTIONS	/notes	http://localhost:3001
20230908	12:11:22	cc01c7b8-75c3-4a22-92e1-9ff0c0bcb0c7	OPTIONS	/users	http://localhost:3001
20230908	12:11:22	fca8ccab-6832-432c-8426-a735c270fe5c	GET	/notes	http://localhost:3001
20230908	12:11:22	830987bb-92e0-4786-a450-75fff7ba15c6	GET	/users	http://localhost:3001
20230908	12:11:38	fc93dc2a-2eae-4c33-8f13-ec91e62ed8f4	OPTIONS	/notes	http://localhost:3001
20230908	12:11:38	28f093ed-1e2b-4c15-a47c-ad4cc1cf742d	GET	/notes	http://localhost:3001
20230908	12:11:50	cbf5096c-9511-478e-85c8-6991126e6d33	OPTIONS	/notes	http://localhost:3001
20230908	12:11:50	ad1857b5-f4b4-4d2c-b39d-37a0bc9e79a3	GET	/notes	http://localhost:3001
20230908	12:11:50	8d70bdef-e949-4720-86bf-60766ac05686	OPTIONS	/auth/logout	http://localhost:3001
20230908	12:11:50	6b456c85-ee27-4183-ae93-85afe2b26a78	POST	/auth/logout	http://localhost:3001
20230908	12:11:50	8ebf82ac-ef98-48b3-8500-a48561a24682	GET	/notes	http://localhost:3001
20230908	12:12:03	7fcf3ae8-6010-4978-b9e1-8de86634b1d2	OPTIONS	/auth	http://localhost:3001
20230908	12:12:03	7c52522c-8887-44bb-a0d9-a8427e4eb9c3	POST	/auth	http://localhost:3001
20230908	12:12:03	4ed2fc14-17ee-4251-805d-97d0ffbb7a07	OPTIONS	/notes	http://localhost:3001
20230908	12:12:03	c60f22b5-3b6b-4b01-afe1-ac6b5f013def	OPTIONS	/users	http://localhost:3001
20230908	12:12:03	f125a1cf-10b5-43ba-af93-2ab16d0f86c5	GET	/notes	http://localhost:3001
20230908	12:12:03	06ca5479-4665-4103-ba4a-a2b575987d88	GET	/users	http://localhost:3001
20230908	12:12:05	77b5cb3c-0bd8-4413-814e-7432334a2121	GET	/notes	http://localhost:3001
20230908	12:12:07	df199029-7c6e-4c7f-bb98-3a714fd9f98f	GET	/notes	http://localhost:3001
20230908	12:12:21	367d0852-1bd6-40d6-ad39-a256a590e777	GET	/notes	http://localhost:3001
20230908	12:12:21	c9f32e44-9b59-4c47-a53a-21955e4055d3	GET	/users	http://localhost:3001
20230908	12:12:29	b06225d2-6858-47e3-a9dc-a292b57ebdb5	GET	/notes	http://localhost:3001
20230908	12:12:37	70b9f869-309d-446b-85bd-4eab185b237c	GET	/notes	http://localhost:3001
20230908	12:12:40	e456ee0e-93b1-4d10-8432-3c854734816b	GET	/notes	http://localhost:3001
20230908	12:12:45	5052bbb5-2581-44da-a2af-c5c4bdc5f10d	GET	/users	http://localhost:3001
20230908	12:12:52	9170643f-ae55-4241-94c9-c5fe50c7b899	POST	/auth/logout	http://localhost:3001
20230908	12:13:03	aaf7afd8-c3d5-4c0a-9506-7ab6f219a7e6	OPTIONS	/auth	http://localhost:3001
20230908	12:13:03	82e22ff0-0589-4be0-977f-e240b393d43a	POST	/auth	http://localhost:3001
20230908	12:13:04	24c355bd-4136-4faa-b028-6212e1115509	OPTIONS	/notes	http://localhost:3001
20230908	12:13:04	5a5860d4-c7f9-439f-8167-f2591b580e08	OPTIONS	/users	http://localhost:3001
20230908	12:13:04	8715ee57-4858-44df-a2b9-7bd34013917d	GET	/notes	http://localhost:3001
20230908	12:13:04	1ffcc3d1-3eb8-47fd-b70a-5e245018840a	GET	/users	http://localhost:3001
20230908	12:13:17	fe9dd974-86ec-4deb-ac17-4bd63c32fe7a	OPTIONS	/notes	http://localhost:3001
20230908	12:13:17	d2b6e9ee-236d-4031-a38e-2c38d3c4ef96	POST	/notes	http://localhost:3001
20230908	12:13:17	fbb8f22e-79af-4e42-a5fe-badf1661b8dd	GET	/notes	http://localhost:3001
20230908	12:13:25	3495c640-645d-47bd-9d12-ad54d561394e	OPTIONS	/auth/logout	http://localhost:3001
20230908	12:13:25	73b41e7f-896e-4654-86f6-abb871eafc48	POST	/auth/logout	http://localhost:3001
20230908	12:19:44	2970b0df-ce6b-4c0f-a3cf-41bbe1453c89	OPTIONS	/auth	http://localhost:3001
20230908	12:19:44	5b65e885-fe26-4696-b17a-5d6b470034e5	POST	/auth	http://localhost:3001
20230908	12:19:44	d4ceb404-fad3-49bd-b7ef-31ea5e25485e	OPTIONS	/notes	http://localhost:3001
20230908	12:19:44	10e9773b-4280-4ef5-85b0-47640ff9170e	OPTIONS	/users	http://localhost:3001
20230908	12:19:44	7fa6e5bd-58fa-455b-8645-3bebfab78190	GET	/notes	http://localhost:3001
20230908	12:19:44	e45e2b83-2f55-472e-ba2f-24820f93a0ba	GET	/users	http://localhost:3001
20230908	12:19:53	6996b979-bb34-4429-847a-5c4e46793f95	OPTIONS	/notes	http://localhost:3001
20230908	12:19:53	3d825be0-71cb-4de8-9b27-b92754c0d79b	GET	/notes	http://localhost:3001
20230908	12:20:06	6b325681-502c-4b84-b73a-5ccc721aa373	OPTIONS	/users	http://localhost:3001
20230908	12:20:06	3103d056-f8b1-403b-98fe-f1045e331a85	GET	/users	http://localhost:3001
20230908	12:20:06	ff7bd850-071d-471c-b17a-b66b4a756b62	OPTIONS	/auth/refresh	http://localhost:3001
20230908	12:20:06	243a87c5-4a65-49fa-b802-bd2f3e555008	GET	/auth/refresh	http://localhost:3001
20230908	12:20:42	1e4047cf-998a-4dfa-9f30-8033dea1a2a1	OPTIONS	/auth/logout	http://localhost:3001
20230908	12:20:42	dfb91792-a54d-4805-923a-592b62a4a34b	POST	/auth/logout	http://localhost:3001
20230908	12:20:42	2516cf89-a0d9-4f57-9383-456e28579da3	GET	/users	http://localhost:3001
20230908	12:26:31	cd50ca54-7ef9-4458-ba02-480b56df60f3	OPTIONS	/auth	http://localhost:3001
20230908	12:26:32	acdb6a5e-548e-4965-a463-6ccbbbc08e22	POST	/auth	http://localhost:3001
20230908	12:26:32	145fec73-7e61-4ad4-bc03-0d8962927a2a	OPTIONS	/notes	http://localhost:3001
20230908	12:26:32	b4cbcdf6-a18d-4340-aa1c-34bfbcfb2b3b	OPTIONS	/users	http://localhost:3001
20230908	12:26:32	24197974-31f0-4f81-a7fc-4076b91182f9	GET	/notes	http://localhost:3001
20230908	12:26:32	400923f3-e9eb-4b6e-ac62-8aa8e9c45976	GET	/users	http://localhost:3001
20230908	12:27:07	440706de-2f3a-4581-8644-32798f81c0f4	OPTIONS	/auth/logout	http://localhost:3001
20230908	12:27:07	5a32b7ac-8e7f-46f1-91c2-01216d9e7ded	POST	/auth/logout	http://localhost:3001
20230908	12:27:21	af69c48c-a78e-4976-ac29-6e271e554bc1	OPTIONS	/auth	http://localhost:3001
20230908	12:27:21	51d521f9-2427-4332-b1f4-9069d3a583c7	POST	/auth	http://localhost:3001
20230908	12:27:21	e01bdbe8-7537-4a7f-ac32-4ced61a07294	OPTIONS	/notes	http://localhost:3001
20230908	12:27:21	5b21765d-7f1f-46a3-b0e7-b04570471f62	OPTIONS	/users	http://localhost:3001
20230908	12:27:21	4c9636b8-4319-4599-9081-0889f27c1576	GET	/notes	http://localhost:3001
20230908	12:27:21	a1196820-040a-4b04-b8b4-ae6ce883861f	GET	/users	http://localhost:3001
20230908	12:27:58	c2d2a00f-63b5-4644-8410-e4d0119bf8af	OPTIONS	/notes	http://localhost:3001
20230908	12:27:58	1ec0e2d0-2746-40b7-bc1d-890b2ffe575e	GET	/notes	http://localhost:3001
20230908	12:27:58	d136cbf1-ff40-47d4-9a31-9d499c5ebd45	OPTIONS	/auth/refresh	http://localhost:3001
20230908	12:27:58	ec2368d1-6bf8-4614-ba67-a40e344c9989	GET	/auth/refresh	http://localhost:3001
20230908	12:28:03	ee8ddd56-8917-443e-a51c-9a7cace94e82	OPTIONS	/notes	http://localhost:3001
20230908	12:28:03	627b7e13-111f-41e7-9431-4b15ead61ab0	GET	/notes	http://localhost:3001
20230908	12:28:03	b1bbaef7-c2c6-4f4f-8953-f5b463165825	OPTIONS	/auth/refresh	http://localhost:3001
20230908	12:28:03	df956639-ffd5-4f87-a609-66261e3e7ad1	GET	/auth/refresh	http://localhost:3001
20230908	12:28:03	46aa65d0-22a0-4e9c-96e8-8b1a718b5794	OPTIONS	/auth/logout	http://localhost:3001
20230908	12:28:03	01c425c4-32f2-432f-822a-19837c44bcea	POST	/auth/logout	http://localhost:3001
20230908	12:28:11	8766ce36-3b00-42e5-bc34-c16c59e55b39	OPTIONS	/auth	http://localhost:3001
20230908	12:28:11	9d11f487-8ab1-4d69-867f-f49a11f79e6b	POST	/auth	http://localhost:3001
20230908	12:28:11	f42ac08b-b489-42fc-9247-3fd559c87acb	OPTIONS	/notes	http://localhost:3001
20230908	12:28:11	ee1adad8-e94c-47de-a63d-e659d0cacd12	OPTIONS	/users	http://localhost:3001
20230908	12:28:11	939c6ec1-c022-44c4-8f4c-b1bb9d2ea330	GET	/notes	http://localhost:3001
20230908	12:28:11	9b992a6a-fd6d-47da-9351-8e5118dee60c	GET	/users	http://localhost:3001
20230908	12:28:19	482be4ff-dce7-4754-8add-91c2f375a27d	OPTIONS	/notes	http://localhost:3001
20230908	12:28:19	d0851e1e-0f62-42b1-b90d-a3e892dee422	POST	/notes	http://localhost:3001
20230908	12:28:21	083a1eb8-6591-4f4c-b106-d9f8ab5dded9	OPTIONS	/auth/logout	http://localhost:3001
20230908	12:28:21	5a25a5af-19f0-4015-ae4d-48155fb114af	POST	/auth/logout	http://localhost:3001
20230908	12:28:37	dcca9fcc-3f1d-4db2-a96a-fc35710f1538	OPTIONS	/auth	http://localhost:3001
20230908	12:28:37	2e7dfc4c-fa81-45c4-b68a-815c3fbcce4f	POST	/auth	http://localhost:3001
20230908	12:28:38	5564cc86-9ae3-4ec8-95c8-3f9bf425b684	OPTIONS	/users	http://localhost:3001
20230908	12:28:38	77b7110c-7994-4174-8836-f0debe88e76b	OPTIONS	/notes	http://localhost:3001
20230908	12:28:38	4cdc1661-d2d5-4b11-9a30-3fc82069d1ad	GET	/users	http://localhost:3001
20230908	12:28:38	4f187ea3-2915-4ba4-a245-e35c8464697d	GET	/notes	http://localhost:3001
20230908	12:28:44	0c1b0c08-0b46-4d34-a3b5-61065f432164	GET	/notes	undefined
20230908	12:28:45	b245f744-4efe-4267-b024-56f92b42599d	GET	/images/icons/gear.png	undefined
20230908	12:28:45	dec616b4-f358-4008-9783-c7290924657e	GET	/favicon.ico	undefined
20230908	12:29:24	eeb3111a-d386-4f14-8089-1a290669d5d2	OPTIONS	/auth/logout	http://localhost:3001
20230908	12:29:24	7a4f594e-b7e2-4f37-8fa6-e9eee17d96a9	POST	/auth/logout	http://localhost:3001
20230908	12:29:35	9c562df8-44ab-4d8f-8709-e5c00eb08122	OPTIONS	/auth	http://localhost:3001
20230908	12:29:35	720d4eec-c8cf-4df8-8f66-b4b9b25b371b	POST	/auth	http://localhost:3001
20230908	12:29:35	3b81c619-9271-4c25-9f5e-0852694d14a5	OPTIONS	/notes	http://localhost:3001
20230908	12:29:35	a1e82300-7889-46f5-adca-bbec3d312eb4	OPTIONS	/users	http://localhost:3001
20230908	12:29:35	e7a86d1b-77e0-4845-b43e-d7558533c4e4	GET	/notes	http://localhost:3001
20230908	12:29:35	4b210ca8-4ade-435d-b738-0abeb0e4d486	GET	/users	http://localhost:3001
20230908	12:30:20	2d163a92-2731-43bf-9278-87a6c14f0237	GET	/notes	http://localhost:3001
20230908	12:30:20	b79798d9-0dbd-4a83-95b9-2de7c876c702	GET	/users	http://localhost:3001
20230908	12:30:23	dc8efb4a-5445-4f5f-a6f7-e4896d4607e3	POST	/auth/logout	http://localhost:3001
20230908	12:30:33	3295896f-e983-4046-bf2f-a08d79193cbd	OPTIONS	/auth	http://localhost:3001
20230908	12:30:33	090207c6-9a7d-46f2-8d09-50fde4be346b	POST	/auth	http://localhost:3001
20230908	12:30:34	5406447b-075a-4a3c-9700-e3a9e30e7ac6	OPTIONS	/notes	http://localhost:3001
20230908	12:30:34	11801dcd-ece6-44f4-af66-bda3e188a28f	OPTIONS	/users	http://localhost:3001
20230908	12:30:34	b6a45cd9-6c18-4af9-b220-c18873a1e09f	GET	/notes	http://localhost:3001
20230908	12:30:34	c7218638-bb50-4ea8-a1d7-da7181e4f9f1	GET	/users	http://localhost:3001
20230908	12:31:14	db1e10ae-fff4-4128-9196-68e2a7ad3776	OPTIONS	/auth/logout	http://localhost:3001
20230908	12:31:14	2fa95cb4-54eb-48cc-ba54-532b90c3e4d9	POST	/auth/logout	http://localhost:3001
20230908	14:12:36	47481b7a-e676-4f07-8f63-a7b6d4f92b9e	OPTIONS	/auth	http://localhost:3001
20230908	14:12:36	bf27e05e-a089-4ddc-bd13-a7a443a7a327	POST	/auth	http://localhost:3001
20230908	14:13:06	2284b438-ca57-44da-afc0-b4aa7beab8d3	GET	/notes	http://localhost:3001
20230908	14:13:06	4ecf9e00-bd8d-4c22-ae51-f29f160f052e	GET	/users	http://localhost:3001
20230908	14:14:00	3272aab2-3bc8-44aa-bf82-25534f7abae4	GET	/notes	undefined
20230908	14:14:00	ab22ec27-c8eb-49df-81a7-0f38cad14380	GET	/images/icons/gear.png	undefined
20230908	14:14:08	e901b040-b3e1-445e-91d6-3fe5d63cfecd	POST	/auth/logout	http://localhost:3001
20230908	14:14:16	c50eb71c-2593-48da-a81c-0b6b8ff07f56	OPTIONS	/auth	http://localhost:3001
20230908	14:14:16	0f55638e-9c5e-4baa-a7f7-5efaad3ead9b	POST	/auth	http://localhost:3001
20230908	14:14:46	8c459f76-c9fc-423d-bd96-aeeb8b84ca5e	GET	/notes	http://localhost:3001
20230908	14:14:46	45bd0c5c-e167-4a58-99e9-697fe2adf2d9	GET	/users	http://localhost:3001
20230908	14:15:30	7ce6da00-eb32-42ff-a924-79eec4075614	POST	/auth/logout	http://localhost:3001
20230908	14:15:41	81cbd695-39bc-48ce-b9fa-c6f2cec247be	OPTIONS	/auth	http://localhost:3001
20230908	14:15:41	35fab2b5-6dc5-46fe-92e0-4565e59c3639	POST	/auth	http://localhost:3001
20230908	14:15:42	61fe8267-b6e8-45ec-973e-50c659765890	OPTIONS	/notes	http://localhost:3001
20230908	14:15:42	a97bf952-c3f7-45c0-9ebb-6731e66ca55b	OPTIONS	/users	http://localhost:3001
20230908	14:15:42	9792cad7-cbe4-4a6c-8fb5-ff4bee2fec26	GET	/notes	http://localhost:3001
20230908	14:15:42	898abe8b-dfb9-473f-9c21-8adf9c431ed3	GET	/users	http://localhost:3001
20230908	14:15:59	89b56403-18a7-428c-9722-ed02bbb33018	OPTIONS	/notes	http://localhost:3001
20230908	14:15:59	063eda56-ac6b-49ac-bd40-43068a4e6b8b	GET	/notes	http://localhost:3001
20230908	14:15:59	523e54ee-4102-4279-98bf-10f45344f8ee	OPTIONS	/auth/refresh	http://localhost:3001
20230908	14:15:59	fc94d65c-54d7-4296-aaec-cc3580b1cd02	GET	/auth/refresh	http://localhost:3001
20230908	14:15:59	2da93f5c-4001-4f2a-9f2c-388611673e46	GET	/notes	http://localhost:3001
20230908	14:16:08	a1aa98b4-f8e6-4617-b17e-57e50b1c33ff	OPTIONS	/notes	http://localhost:3001
20230908	14:16:08	2a9f9fb5-2328-4138-ae64-ff58e52219c4	GET	/notes	http://localhost:3001
20230908	14:16:08	ca7c9455-32ec-4dce-bc26-ea36f0ae4eed	GET	/notes	http://localhost:3001
20230908	14:16:08	60f07ff4-30d6-48f2-8cae-54e41408ff55	GET	/users	http://localhost:3001
20230908	14:16:08	cc1d0966-3cd0-48b6-b35e-d2be111cc3b1	GET	/notes	http://localhost:3001
20230908	14:16:13	b4b8bb7f-0c4c-44dc-8097-db17d1f6321b	POST	/auth/logout	http://localhost:3001
20230908	14:16:22	b94e0e04-0e17-4b71-b301-7e02a1112b30	OPTIONS	/auth	http://localhost:3001
20230908	14:16:22	9051d3a8-ffd2-4e52-811d-95c3cd77883c	POST	/auth	http://localhost:3001
20230908	14:16:22	f4bb3fa7-9b55-4ec6-929e-0e23e89f3177	OPTIONS	/notes	http://localhost:3001
20230908	14:16:22	b53120c1-482c-4985-a2d5-dd567a1cc1de	OPTIONS	/users	http://localhost:3001
20230908	14:16:22	56125df6-f932-44ed-a7fa-f1456c733621	GET	/notes	http://localhost:3001
20230908	14:16:22	8342ff59-8739-499f-b66f-a56c8b50d4ef	GET	/users	http://localhost:3001
20230908	14:16:29	e6cff477-48b3-4771-8395-b2a1e8efc5d8	GET	/notes	http://localhost:3001
20230908	14:16:29	f6544259-5df2-4a84-aac7-c5260c5c3784	GET	/users	http://localhost:3001
20230908	14:16:34	e29c0ed0-bd75-4638-a313-7a42b0c99473	GET	/notes	http://localhost:3001
20230908	14:16:44	26686d3c-fd8c-42da-9735-884bac63dd56	GET	/notes	http://localhost:3001
20230908	14:16:56	356cf4a2-de33-4cdf-8ede-d4086dfaa720	GET	/notes	http://localhost:3001
20230908	14:16:56	495a3db6-42af-461e-90d3-099e7da05477	GET	/users	http://localhost:3001
20230908	14:17:24	4cfec808-8f66-446d-9368-4fb662363d1e	POST	/auth/logout	http://localhost:3001
20230908	14:17:50	abb372d6-3f72-4a7d-b30c-7064b33e768a	OPTIONS	/auth	http://localhost:3001
20230908	14:17:50	f91292a3-68a3-4db2-aaf9-959f74b03b4d	POST	/auth	http://localhost:3001
20230908	14:17:51	3176fd88-f5b3-44e2-a0d8-2caa2bfa22f5	OPTIONS	/notes	http://localhost:3001
20230908	14:17:51	5e990519-4c86-41eb-b704-e4fc0a542abd	OPTIONS	/users	http://localhost:3001
20230908	14:17:51	4a584055-5d93-4e86-9e12-68bf3322ed84	GET	/notes	http://localhost:3001
20230908	14:17:51	69c24365-4315-46f1-b97d-5b928f5dc0ea	GET	/users	http://localhost:3001
20230908	14:18:01	5d9cb2af-3187-48ac-9b91-0c28688228ba	GET	/auth/refresh	http://localhost:3001
20230908	14:18:01	3d1b033d-6028-4b0e-951b-d47900e0440d	OPTIONS	/notes	http://localhost:3001
20230908	14:18:01	369dea36-7cd6-4b88-aab4-3f5abe7efd2f	OPTIONS	/users	http://localhost:3001
20230908	14:18:01	d7eb8751-5f3c-4259-a1b4-6797f0ad3e1a	GET	/notes	http://localhost:3001
20230908	14:18:01	1d01e6de-4e42-4102-b337-e10ece72c6da	GET	/users	http://localhost:3001
20230908	14:18:13	078c90e5-ceb2-4646-8abf-18115f11f075	OPTIONS	/notes	http://localhost:3001
20230908	14:18:13	d7afec8d-aa37-488a-bb4e-9b53167d729f	POST	/notes	http://localhost:3001
20230908	14:18:20	68e6a060-0e54-4fee-9db9-fdee09c49f55	OPTIONS	/notes	http://localhost:3001
20230908	14:18:20	d2706110-6c21-4b1b-a01b-d1b407f823c4	GET	/notes	http://localhost:3001
20230908	14:18:36	a04658e8-bb37-4749-80fc-9e908f432cbe	OPTIONS	/notes	http://localhost:3001
20230908	14:18:36	29746834-2eaa-405e-b55a-10fe29a51ddc	GET	/notes	http://localhost:3001
20230908	14:18:51	a522a6c3-760f-40a0-a190-a08d09c59479	OPTIONS	/notes	http://localhost:3001
20230908	14:18:51	cc41217e-ff3f-4f4d-82db-7234bf622ef4	GET	/notes	http://localhost:3001
20230908	14:18:52	395ce7c4-4a7a-4936-8d68-ab9a3ecf6cd9	GET	/notes	http://localhost:3001
20230908	14:19:07	73bfa763-bcc7-4f13-aa02-8022c0a5d2e7	OPTIONS	/notes	http://localhost:3001
20230908	14:19:07	02fddd3f-13e0-4401-86d7-025ae18708f6	GET	/notes	http://localhost:3001
20230908	14:19:07	5a86d845-2383-4064-be30-863ec1c7f659	OPTIONS	/auth/refresh	http://localhost:3001
20230908	14:19:07	96844e55-b9e5-4c52-8684-4ad8944016d1	GET	/auth/refresh	http://localhost:3001
20230908	14:19:23	2d4f1f56-ea3e-4919-a871-aea0c5c3b4de	OPTIONS	/notes	http://localhost:3001
20230908	14:19:23	73b786eb-a190-4e8b-a295-42606dbc8c53	GET	/notes	http://localhost:3001
20230908	14:19:23	52a4ee9e-fb0a-40cc-adf7-a2178450319b	OPTIONS	/auth/refresh	http://localhost:3001
20230908	14:19:23	3b9c071b-c85c-4800-8c51-a73b1082263c	GET	/auth/refresh	http://localhost:3001
20230908	14:19:31	2e7ce9d4-a731-41a2-b0d1-9797dd1ab5c6	OPTIONS	/notes	http://localhost:3001
20230908	14:19:31	c082c3b8-92b5-4d31-8560-04fd0a15bb38	OPTIONS	/notes	http://localhost:3001
20230908	14:19:31	2c4fe718-8c45-46fb-b031-04283d66de4b	GET	/notes	http://localhost:3001
20230908	14:19:31	649ca136-0bb9-4cde-ac81-9a519ab3ee46	GET	/notes	http://localhost:3001
20230908	14:19:32	97d94f68-6af4-4e30-95ee-7dbd65fa306f	OPTIONS	/auth/refresh	http://localhost:3001
20230908	14:19:32	5958c9a4-9fe8-4657-9edd-9b216b86f526	GET	/auth/refresh	http://localhost:3001
20230908	14:19:32	e5e18bfd-15bf-4b5d-8d17-1ee2574dc86b	GET	/auth/refresh	http://localhost:3001
20230908	14:19:43	f9a7ef65-b809-423c-9f3d-7f00fcde9ec1	OPTIONS	/notes	http://localhost:3001
20230908	14:19:43	12e0337d-ec06-415a-84b9-966004e1c611	GET	/notes	http://localhost:3001
20230908	14:19:43	ec1973c6-845e-43eb-a0ec-49e94b69f4a7	OPTIONS	/auth/refresh	http://localhost:3001
20230908	14:19:43	a8780946-a261-4435-a7d6-53a508d6f912	GET	/auth/refresh	http://localhost:3001
20230908	14:19:44	cac63812-cddf-4fae-82ef-e4f8fae22880	GET	/notes	http://localhost:3001
20230908	14:19:44	c870b928-720e-43f0-bed1-f772be1f34fd	GET	/auth/refresh	http://localhost:3001
20230908	14:19:50	0be4f761-cebc-4ae7-af9b-b26e6620732d	OPTIONS	/auth/logout	http://localhost:3001
20230908	14:19:50	64435e7d-4264-4189-b87c-fcd3f61d2db7	POST	/auth/logout	http://localhost:3001
20230908	14:20:01	0190fcee-f864-45e4-980a-0f331bd6d010	OPTIONS	/auth	http://localhost:3001
20230908	14:20:01	6191d50d-d581-4f32-9d54-ed9b32faf9d1	POST	/auth	http://localhost:3001
20230908	14:20:01	0e958bad-f7c0-4794-a457-236d618b755b	OPTIONS	/notes	http://localhost:3001
20230908	14:20:01	e8ddd5db-d831-493c-9694-265c590eecc0	OPTIONS	/users	http://localhost:3001
20230908	14:20:01	e7d5b11e-c231-4f51-9840-0bb53a874126	GET	/notes	http://localhost:3001
20230908	14:20:01	be4fe63a-293a-421f-a8b7-d27240238cd7	GET	/users	http://localhost:3001
20230908	14:20:49	1880dc69-27b2-4cf2-a417-8f4c4f81827d	OPTIONS	/auth/logout	http://localhost:3001
20230908	14:20:49	ef4933b0-3e58-458e-9263-2888c67f5139	POST	/auth/logout	http://localhost:3001
20230908	14:21:02	834f952c-0698-45cb-90a3-427dd69e97bb	OPTIONS	/auth	http://localhost:3001
20230908	14:21:02	f07ff3b9-9d64-469f-a4ab-3a733b4fd828	POST	/auth	http://localhost:3001
20230908	14:21:02	c1438a53-360e-4cdc-89b2-fe57fbc34625	OPTIONS	/notes	http://localhost:3001
20230908	14:21:02	b8d4cc04-eee3-4366-adfc-3c16a0869ece	OPTIONS	/users	http://localhost:3001
20230908	14:21:02	992ac929-7a24-4db2-a536-e24e395ebc70	GET	/notes	http://localhost:3001
20230908	14:21:02	151db600-bdc2-4398-a749-ac633f9e5b83	GET	/users	http://localhost:3001
20230908	14:21:17	b7c58ac0-bca3-4044-bbcd-da0ba0200d33	OPTIONS	/notes	http://localhost:3001
20230908	14:21:17	97a1b649-3bf4-4a4a-8276-d8ba174e1315	GET	/notes	http://localhost:3001
20230908	14:21:20	95268d19-1cc8-4381-b3b8-1642b30e1fb3	GET	/notes	http://localhost:3001
20230908	14:21:21	49290680-2927-472b-a751-db7f31622cec	GET	/auth/refresh	http://localhost:3001
20230908	14:21:21	083c7824-8480-4af0-890c-b946a96457e4	GET	/notes	http://localhost:3001
20230908	14:21:21	3622a2f8-8edf-4786-a39c-28aeb7bd7c5f	OPTIONS	/users	http://localhost:3001
20230908	14:21:21	8cf01f69-1b92-4796-ae19-b79a2747b0c2	GET	/users	http://localhost:3001
20230908	14:21:21	5d40d98d-ae5c-4464-a6d9-4030083c554b	GET	/notes	http://localhost:3001
20230908	14:21:36	90ecf7fc-aac3-4d32-8ba6-305fe09106b2	OPTIONS	/notes	http://localhost:3001
20230908	14:21:36	2f0038be-d660-4961-91d0-5cee75b298d9	GET	/notes	http://localhost:3001
20230908	14:21:41	d346d9ae-1513-4be9-81e2-8a10f9e82513	OPTIONS	/notes	http://localhost:3001
20230908	14:21:41	c88f0071-68c3-4438-8906-7e4cade8df32	GET	/notes	http://localhost:3001
20230908	14:21:41	58e6d80d-d3bf-482f-9bd5-d05b29a01e12	OPTIONS	/auth/logout	http://localhost:3001
20230908	14:21:41	90c316b4-f384-4ed6-b57f-74f02e454d78	POST	/auth/logout	http://localhost:3001
20230909	00:38:54	31dd3213-75d3-4232-8723-f69b3a1ea63c	OPTIONS	/auth	http://localhost:3001
20230909	00:38:54	e15082df-7404-4662-9c62-371019347d0b	POST	/auth	http://localhost:3001
20230909	00:38:54	b3ebad6b-f399-43bf-8063-8b98fcfead99	OPTIONS	/notes	http://localhost:3001
20230909	00:38:54	8e163346-0544-43f1-9777-12ea40ccb7e4	OPTIONS	/users	http://localhost:3001
20230909	00:38:54	3b7413f2-987f-433c-9786-a223bbcc26ec	GET	/notes	http://localhost:3001
20230909	00:38:54	986e9a47-10d0-491f-b8d8-8af7af5c1c77	GET	/users	http://localhost:3001
20230909	00:39:10	2e384b48-98ed-4548-b3e3-a02d00042e3b	OPTIONS	/auth/logout	http://localhost:3001
20230909	00:39:10	9cf92d62-0f6a-4d43-93c3-2912317a9f8b	POST	/auth/logout	http://localhost:3001
20230909	00:39:20	35f908c3-b17e-4895-b2db-b138307b42e9	OPTIONS	/auth	http://localhost:3001
20230909	00:39:20	833ae0f8-7d5c-496e-a1ac-6083da604fd3	POST	/auth	http://localhost:3001
20230909	00:39:20	3b564c22-3650-4428-a5b4-a842b911a2d5	OPTIONS	/notes	http://localhost:3001
20230909	00:39:20	56173358-5775-473f-b966-5d8511f9cad3	OPTIONS	/users	http://localhost:3001
20230909	00:39:20	24cce943-eb17-4678-bb36-ba79542ae02c	GET	/notes	http://localhost:3001
20230909	00:39:20	6412f4d8-549b-4533-bf0e-4efdbb9a62cf	GET	/users	http://localhost:3001
20230909	00:39:34	029ca40e-e7de-4ea5-9f5d-6b83897a90dd	OPTIONS	/users	http://localhost:3001
20230909	00:39:34	975f730f-75ed-4275-9d42-7e58df54154c	POST	/users	http://localhost:3001
20230909	00:39:35	5432b2c3-c08c-4e3a-a820-59fa2ade3f90	GET	/users	http://localhost:3001
20230909	00:39:35	f123b291-3c4a-448e-b278-a772931ec00f	GET	/users	http://localhost:3001
20230909	00:39:37	e82f2fe2-713c-4da7-99a1-467b0705e324	GET	/users	http://localhost:3001
20230909	00:39:40	d61a44ce-acd8-41a1-b503-aae08ac104c1	OPTIONS	/auth/logout	http://localhost:3001
20230909	00:39:40	4b185eea-b775-4729-bf66-131eae52baa0	POST	/auth/logout	http://localhost:3001
20230909	00:42:39	2654d95c-51fb-44a4-ae2b-ceac35a00511	OPTIONS	/auth	http://localhost:3001
20230909	00:42:39	af78d5cf-4299-4f9e-8bb5-434489f073d0	POST	/auth	http://localhost:3001
20230909	00:42:39	8832c300-b6f0-4734-b194-a23fcd64f12a	OPTIONS	/notes	http://localhost:3001
20230909	00:42:39	81a39d9b-2679-44ad-a185-f3d3dfe4553c	OPTIONS	/users	http://localhost:3001
20230909	00:42:39	be4d0923-5ce9-4463-bb16-34284b04e32d	GET	/notes	http://localhost:3001
20230909	00:42:39	92b3ec46-9efa-4e83-a75a-4ca35a3ce703	GET	/users	http://localhost:3001
20230909	00:43:00	395a3477-5582-4e51-b7ee-56d902c629bd	OPTIONS	/users	http://localhost:3001
20230909	00:43:00	68bd2aed-6b6a-40bf-b456-6fa80e9db654	POST	/users	http://localhost:3001
20230909	00:43:00	ef12cd72-3156-427d-9caa-e99d3f5106d7	GET	/users	http://localhost:3001
20230909	00:43:00	1b1feb54-9e8d-4921-b78d-b83127d1a26b	GET	/users	http://localhost:3001
20230909	00:43:02	fa9fe57c-cab3-4f4c-a670-f6a8b8596958	GET	/users	http://localhost:3001
20230909	00:43:05	b2bc3956-171d-4170-859a-33ba8df0d8c8	OPTIONS	/auth/logout	http://localhost:3001
20230909	00:43:05	6dce6aec-ba5e-4342-97d5-6b7ddbef8334	POST	/auth/logout	http://localhost:3001
20230909	00:43:14	d11419f7-e80a-454c-aac5-5879f6c4d9c7	OPTIONS	/auth	http://localhost:3001
20230909	00:43:14	8349be2c-c237-4b4c-97a7-cc8589cf274c	POST	/auth	http://localhost:3001
20230909	00:43:14	d30ac6e9-303a-421c-8cb5-f207a435ec18	OPTIONS	/notes	http://localhost:3001
20230909	00:43:14	efec4922-de5b-48dc-b9b8-2a73806d9d0f	OPTIONS	/users	http://localhost:3001
20230909	00:43:14	d229b7f7-8519-4958-857b-fac9e987a0ba	GET	/notes	http://localhost:3001
20230909	00:43:14	11d11808-923f-4126-9ff1-276a65ccf671	GET	/users	http://localhost:3001
20230909	00:43:43	0004ae85-d036-4cb3-8ea0-a86ef445de01	OPTIONS	/notes	http://localhost:3001
20230909	00:43:43	18e8d689-cc47-4a98-a0e6-e8d98b2df169	GET	/notes	http://localhost:3001
20230909	00:43:58	e7a5a6b8-0684-40a0-8573-730a918c49ee	OPTIONS	/notes	http://localhost:3001
20230909	00:43:58	898f3726-9255-4666-8e74-0fec77bc5fb2	GET	/notes	http://localhost:3001
20230909	00:44:12	8a7d031f-dd85-4f7b-9765-3d69463b13cc	OPTIONS	/notes	http://localhost:3001
20230909	00:44:12	9e6c783a-b2d8-45f9-bcdf-ca12ae0cf312	GET	/notes	http://localhost:3001
20230909	00:44:28	7a0e452b-59f8-4f91-a706-1682d9a1fbcd	OPTIONS	/notes	http://localhost:3001
20230909	00:44:28	69dad756-f739-423e-9f8a-c05be7826523	GET	/notes	http://localhost:3001
20230909	00:44:38	ac5fbf01-14b4-4970-81c2-f9a374e3eb38	OPTIONS	/notes	http://localhost:3001
20230909	00:44:38	55a7d365-c903-4171-8a21-0329c0895a30	GET	/notes	http://localhost:3001
20230909	00:44:43	f3092379-b3e0-41cd-96a5-048e3f543058	OPTIONS	/auth/logout	http://localhost:3001
20230909	00:44:43	3fb77da7-f843-4aa6-a68b-1cc28105e5a9	POST	/auth/logout	http://localhost:3001
20230909	00:59:25	826206ea-aa2d-49e4-838c-26dab3fd9d6b	OPTIONS	/auth	http://localhost:3001
20230909	00:59:25	552d6cf3-906a-49e4-a255-1f944f7e18f7	POST	/auth	http://localhost:3001
20230909	00:59:26	78a952c5-0efe-46c7-8539-1ee04f3eec23	OPTIONS	/notes	http://localhost:3001
20230909	00:59:26	74003d65-03b3-4d03-bf78-707d9e29b57a	OPTIONS	/users	http://localhost:3001
20230909	00:59:26	d0c5070f-c714-4531-9a6f-02b089eccdf5	GET	/notes	http://localhost:3001
20230909	00:59:26	fef2cf6e-14f5-4ede-96f2-d5b3980d856a	GET	/users	http://localhost:3001
20230909	00:59:43	6e8c099e-825e-41df-8dde-23b15bad5288	OPTIONS	/notes	http://localhost:3001
20230909	00:59:43	eb13d160-56ee-4b93-9c84-656d4a2c6555	GET	/notes	http://localhost:3001
20230909	00:59:58	49089144-8210-407e-9778-c4e238401a93	OPTIONS	/notes	http://localhost:3001
20230909	00:59:58	d67b4118-dfd4-43c1-99f9-15c49354eb9e	POST	/notes	http://localhost:3001
20230909	01:00:00	5f0b77c6-2494-43e4-aaf0-c7b98e68fd2b	OPTIONS	/auth/logout	http://localhost:3001
20230909	01:00:00	d510bf96-69d4-4302-935d-a8a473a9587a	POST	/auth/logout	http://localhost:3001
20230909	01:00:08	1c8c5c3e-dfce-4b02-851e-e3ba18f92ee1	OPTIONS	/auth	http://localhost:3001
20230909	01:00:08	317b8821-f704-4d8e-9ef5-21d7186e760c	POST	/auth	http://localhost:3001
20230909	01:00:08	ff9d1a8f-7052-427b-aa07-86db22353910	OPTIONS	/notes	http://localhost:3001
20230909	01:00:08	928ff193-4e66-49cb-8df6-fde263dd81c5	OPTIONS	/users	http://localhost:3001
20230909	01:00:08	e65acfdb-284f-460b-a729-ae4a03c5f52e	GET	/notes	http://localhost:3001
20230909	01:00:08	dabd36fc-179d-4f5e-adbe-afd6560abbcb	GET	/users	http://localhost:3001
20230909	01:00:28	e561c8b3-e47c-45e3-9798-06555d293841	OPTIONS	/notes	http://localhost:3001
20230909	01:00:28	cf080985-96e2-48c5-95ab-4dfc767e7637	GET	/notes	http://localhost:3001
20230909	01:00:56	2b24e13b-da3d-4b9e-b4a4-a6826bf2176d	OPTIONS	/auth/logout	http://localhost:3001
20230909	01:00:56	429d1254-2853-4ea1-9032-9048c7237e8c	POST	/auth/logout	http://localhost:3001
20230909	01:02:08	675d1fcd-f685-4d0d-afc9-f7d9696fc144	OPTIONS	/auth	http://localhost:3001
20230909	01:02:08	a2ae43e8-32a1-4720-b0ae-409308c9d076	POST	/auth	http://localhost:3001
20230909	01:02:08	38229331-39e0-4504-b0ff-765c13450b99	OPTIONS	/notes	http://localhost:3001
20230909	01:02:08	b114f852-3d39-44bc-8643-da6cd8e48c46	OPTIONS	/users	http://localhost:3001
20230909	01:02:08	0e0155af-7b8e-4315-b9f4-c315604db22e	GET	/notes	http://localhost:3001
20230909	01:02:08	a093179e-48aa-4a76-9658-c16177f8135d	GET	/users	http://localhost:3001
20230909	01:04:28	9f81e2d1-5f2e-4f20-9398-5522f3240f66	GET	/auth/refresh	http://localhost:3001
20230909	01:04:28	9a1f35f7-8c4b-4e3a-9d1f-aeda19836aa8	OPTIONS	/notes	http://localhost:3001
20230909	01:04:28	b739f5ab-fad9-4c74-be50-f7427517379d	OPTIONS	/users	http://localhost:3001
20230909	01:04:28	40591611-ae28-4b9b-af85-6817af48cb05	GET	/notes	http://localhost:3001
20230909	01:04:28	523ac18c-bff4-4714-9837-949a6703097c	GET	/users	http://localhost:3001
20230909	01:04:39	6a835527-0d6d-41bc-bbf5-7b30a510c3e0	OPTIONS	/notes	http://localhost:3001
20230909	01:04:39	9a0d4c8f-9165-41dc-8b04-a3ee412f3872	GET	/notes	http://localhost:3001
20230909	01:04:45	1d8f2c2d-ed9b-4f9b-b473-4ae181c3fa41	OPTIONS	/notes	http://localhost:3001
20230909	01:04:45	9d4924eb-9b9f-4123-aa58-2ea6b3ccac7f	GET	/notes	http://localhost:3001
20230909	01:04:49	178bc5fa-5605-4242-842b-59e9aec7097e	OPTIONS	/auth/logout	http://localhost:3001
20230909	01:04:49	383fd06f-fc92-4b98-a4f2-418d15739c0a	POST	/auth/logout	http://localhost:3001
20230909	01:19:45	25c45d89-9027-4e7a-b4a3-2a77bf7643ae	GET	/auth/refresh	http://localhost:3001
20230909	01:19:57	a8183e1b-18b3-46c7-a4c7-6d0e23c1faaf	GET	/auth/refresh	http://localhost:3001
20230909	01:29:50	8b9b3eb2-c937-47a3-a3f2-bc66fe2221b9	OPTIONS	/auth	http://localhost:3001
20230909	01:29:50	2ad9682d-7127-4df2-9424-35eebc0679b8	POST	/auth	http://localhost:3001
20230909	01:29:50	fd3fb4f7-9f8a-4292-8055-f5c3d4609e9d	OPTIONS	/notes	http://localhost:3001
20230909	01:29:50	f4b59210-949d-4def-bfa4-946ebaa6e967	OPTIONS	/users	http://localhost:3001
20230909	01:29:50	6ad714b6-90cc-4058-847a-5a45e6f01406	GET	/users	http://localhost:3001
20230909	01:29:50	0cdd8408-599e-4ba5-a45c-dc5015fbba25	GET	/notes	http://localhost:3001
20230909	01:29:59	42c885b9-c9f3-4b71-abd3-6ddc042231bb	GET	/auth/refresh	http://localhost:3001
20230909	01:30:00	c316c5f5-e704-44f1-bbec-3a1b03e8daaf	OPTIONS	/notes	http://localhost:3001
20230909	01:30:00	2ca0406d-0ea0-4b9c-b9b5-73f4fd4d3bf7	GET	/notes	http://localhost:3001
20230909	01:30:00	3fcc8358-4f73-49d6-81f4-16ce91b2ebfe	OPTIONS	/users	http://localhost:3001
20230909	01:30:00	fd606fb3-158d-4ee9-9d5d-aaeb5a7e27cc	GET	/users	http://localhost:3001
20230909	01:30:06	c345ab80-7c8b-4146-bb30-aa753332cad1	OPTIONS	/notes	http://localhost:3001
20230909	01:30:06	21f8ba06-3f13-4498-9c71-b264f812afe4	OPTIONS	/users	http://localhost:3001
20230909	01:30:06	0f3d347c-6846-4783-8b5d-784c2b963424	GET	/notes	http://localhost:3001
20230909	01:30:06	43765fdb-81cc-4a34-82c0-d32642d48a68	GET	/users	http://localhost:3001
20230909	01:30:18	8e7516b1-2605-4cb9-92c0-cd2608a38a9b	OPTIONS	/auth/logout	http://localhost:3001
20230909	01:30:18	3acaac9e-8528-4e7b-8412-09733e644d1a	POST	/auth/logout	http://localhost:3001
20230909	01:30:28	62210193-1002-43ad-b6f5-8d0ec00f34c9	OPTIONS	/auth	http://localhost:3001
20230909	01:30:28	8688bb79-7c02-4921-8a42-3fb29c6d7453	POST	/auth	http://localhost:3001
20230909	01:30:28	d9165268-16a8-409c-bc2d-d3c0dfb081e1	OPTIONS	/notes	http://localhost:3001
20230909	01:30:28	d1d2bc9e-9d2f-461b-9ff4-ee05e48d37ee	OPTIONS	/users	http://localhost:3001
20230909	01:30:28	cb6d9974-1250-4fa5-85cf-01c532ec618d	GET	/notes	http://localhost:3001
20230909	01:30:28	1e6766d2-792e-4f5d-a42b-656468834086	GET	/users	http://localhost:3001
20230909	01:30:56	e773d3e8-2548-4c4f-b680-4d2fe352e884	OPTIONS	/users	http://localhost:3001
20230909	01:30:56	9d60a140-81bc-4c46-8c93-b3d9979092f3	GET	/users	http://localhost:3001
20230909	01:31:22	edce65f8-add7-43d0-8669-ce1df821816e	OPTIONS	/notes	http://localhost:3001
20230909	01:31:22	13496820-9743-43c1-b572-ed78f1cb527f	GET	/notes	http://localhost:3001
20230909	01:31:42	678c9836-0153-4f44-ba5a-a4c1c6e3d0b0	OPTIONS	/notes	http://localhost:3001
20230909	01:31:42	d65f12bf-cb78-49f7-80ab-e5fef30910bf	POST	/notes	http://localhost:3001
20230909	01:32:14	cd7e866c-560b-4eea-bc71-c6c7651d7220	OPTIONS	/notes	http://localhost:3001
20230909	01:32:14	ca8f0e95-d1ec-41e9-9507-e5dbb1445f3e	GET	/notes	http://localhost:3001
20230909	01:32:27	f847eaf0-6a33-4b67-a6a2-4d58a4b6b592	OPTIONS	/notes	http://localhost:3001
20230909	01:32:27	339644dd-2926-4b7b-8130-f38e094ec03f	POST	/notes	http://localhost:3001
20230909	01:34:02	f45132af-2c9b-444d-9efb-5fd9208295cc	OPTIONS	/auth/logout	http://localhost:3001
20230909	01:34:02	f776de46-ca94-41b0-9193-72a02d904d5d	POST	/auth/logout	http://localhost:3001
20230909	01:43:37	108f5585-9043-48a3-8690-361482bac9a2	OPTIONS	/auth	http://localhost:3001
20230909	01:43:37	2f40faa9-aa8b-41e1-a84d-0dcfac22f926	POST	/auth	http://localhost:3001
20230909	01:43:37	d858709b-73f0-4f35-9206-541320e9dccd	OPTIONS	/notes	http://localhost:3001
20230909	01:43:37	081761e3-024c-47b7-a1cd-82c678ce949b	OPTIONS	/users	http://localhost:3001
20230909	01:43:37	c0f6618f-7732-4c9d-9018-deb11e787560	GET	/notes	http://localhost:3001
20230909	01:43:37	fde46ad4-9023-4570-be0b-c8698f18980c	GET	/users	http://localhost:3001
20230909	01:44:02	374b4c3d-170f-4db9-8b73-85cede3f9713	OPTIONS	/notes	http://localhost:3001
20230909	01:44:02	edd25207-8adf-4b87-b2ec-ee23fdd96752	POST	/notes	http://localhost:3001
20230909	01:46:21	0d986421-6651-4643-b398-913492ae3f2d	OPTIONS	/notes	http://localhost:3001
20230909	01:46:21	3b18468a-89f5-4d39-914c-1e032a8e2dd0	POST	/notes	http://localhost:3001
20230909	01:46:58	e898fce2-2872-48ad-badf-f4957243947f	GET	/auth/refresh	http://localhost:3001
20230909	01:46:58	143b048c-4d42-43a9-8719-0474179d95ff	OPTIONS	/notes	http://localhost:3001
20230909	01:46:58	09061319-4929-4af5-bcd3-81ebbfbcc208	OPTIONS	/users	http://localhost:3001
20230909	01:46:58	9669f45b-cf0c-4497-9635-f5be99465936	GET	/notes	http://localhost:3001
20230909	01:46:58	bfb76c7e-b711-492b-bc08-d8400bf20a08	GET	/users	http://localhost:3001
20230909	01:47:28	ef5c6e5e-e070-428f-b620-b49aa75d6d0e	OPTIONS	/notes	http://localhost:3001
20230909	01:47:28	9eb52f48-1978-45cd-99df-3c15af028cb5	POST	/notes	http://localhost:3001
20230909	01:49:54	b12c45b3-4bdf-4810-a912-7a61ddadc6de	OPTIONS	/notes	http://localhost:3001
20230909	01:49:54	64f154dc-d9c0-4f50-917f-09431a2367d2	GET	/notes	http://localhost:3001
20230909	01:51:01	489aa2c9-34af-4e9a-8829-049261396ade	OPTIONS	/notes	http://localhost:3001
20230909	01:51:01	67af7a6e-4b71-44c5-8060-544cd81e125e	GET	/notes	http://localhost:3001
20230909	01:51:11	babb450e-98b0-4398-beef-47776bbe7da7	OPTIONS	/notes	http://localhost:3001
20230909	01:51:11	0fb69e3a-cd0d-4158-8529-bd4462e7507b	POST	/notes	http://localhost:3001
20230909	01:51:15	74be6fb3-c578-4602-9a2d-c90b6e3a48a3	GET	/auth/refresh	http://localhost:3001
20230909	01:51:15	84011e9a-04b1-481c-898a-0dfa7f949a48	OPTIONS	/users	http://localhost:3001
20230909	01:51:15	d1614832-0146-418b-954f-fc6a1a6ac551	GET	/notes	http://localhost:3001
20230909	01:51:15	a702dc2b-e77f-4318-9424-5f525b46b809	GET	/users	http://localhost:3001
20230909	01:52:25	0cf09efb-84f5-49a3-9364-337ed9d89ab6	OPTIONS	/notes	http://localhost:3001
20230909	01:52:25	a40f0174-08b1-4db8-834b-13cca770515f	GET	/notes	http://localhost:3001
20230909	01:57:37	b39b9429-7aeb-4425-a633-f117894280df	GET	/auth/refresh	http://localhost:3001
20230909	01:57:38	342e9c9f-88a7-49fc-a9cb-20df49d26b98	OPTIONS	/notes	http://localhost:3001
20230909	01:57:38	7c9fe017-24b2-4590-8f65-b6b6732a48ec	OPTIONS	/users	http://localhost:3001
20230909	01:57:38	84b2b7a7-51a1-42ae-b195-18e1c36b62ba	GET	/notes	http://localhost:3001
20230909	01:57:38	5f6511f1-8220-4571-858a-8ea7c9ad4db1	GET	/users	http://localhost:3001
20230909	01:57:48	edec008b-31f3-4039-8395-70c6cd0f7db6	OPTIONS	/notes	http://localhost:3001
20230909	01:57:48	e70ccc96-f550-44b6-9b46-a0637fb78e28	POST	/notes	http://localhost:3001
20230909	01:57:59	8dc9750e-584b-4ff8-b7f6-a19c285f8064	GET	/notes	undefined
20230909	01:57:59	f53f485d-e640-487b-b23d-cf3866a31d0c	GET	/images/icons/gear.png	undefined
20230909	01:57:59	a8eeced6-7194-4b53-9b7d-dbe18be34518	GET	/favicon.ico	undefined
20230909	02:00:42	0a3c2c74-a11f-4c33-9d1f-e256367b7377	OPTIONS	/auth/logout	http://localhost:3001
20230909	02:00:42	2a0ed0e6-fe74-4a22-aa89-6c7f2095d24c	POST	/auth/logout	http://localhost:3001
20230909	02:00:57	819657cd-6cdc-4294-97df-d162bcdb2473	OPTIONS	/auth	http://localhost:3001
20230909	02:00:57	533ee8b6-866a-4dc0-9cb9-bd889f17d2e8	POST	/auth	http://localhost:3001
20230909	02:00:57	c640786d-26c6-4ee8-b867-a93c0a3bf790	OPTIONS	/notes	http://localhost:3001
20230909	02:00:57	a88ca7be-cd74-450c-93f4-c857525abd39	OPTIONS	/users	http://localhost:3001
20230909	02:00:57	9f25a10b-63a2-42b5-9d4a-d001fc87f5e8	GET	/notes	http://localhost:3001
20230909	02:00:57	93680d0d-b01d-4dfc-b93b-86c26bfe1b07	GET	/users	http://localhost:3001
20230909	02:02:04	63172241-0363-45df-b4e1-5ef10d570638	OPTIONS	/notes	http://localhost:3001
20230909	02:02:04	2d402bab-14e8-44f6-8a46-9a0f622c40d2	POST	/notes	http://localhost:3001
20230909	02:02:14	f0f95e35-2c0a-4c24-a1e6-1ea3a77772af	OPTIONS	/notes	http://localhost:3001
20230909	02:02:14	553955cb-c0d4-4ac6-bb01-ed4071b2d149	GET	/notes	http://localhost:3001
20230909	02:02:27	76e7cd1d-24ea-4eff-889a-2d2c325c5748	OPTIONS	/notes	http://localhost:3001
20230909	02:02:27	39be43fa-efc6-471b-90cb-d498d960445e	GET	/notes	http://localhost:3001
20230910	12:50:07	f2a0150e-349d-43d5-b924-77e34be8c0c8	OPTIONS	/auth	http://localhost:3001
20230910	12:50:07	cacc339d-894a-4c49-be65-68b651c14d80	POST	/auth	http://localhost:3001
20230910	12:50:07	267addac-ab70-4746-b14f-5a2e431477e2	OPTIONS	/notes	http://localhost:3001
20230910	12:50:07	3d3b8094-572f-4342-88da-e98aee442b46	OPTIONS	/users	http://localhost:3001
20230910	12:50:07	e915424a-372f-4edb-b1e3-2904a277d23a	GET	/notes	http://localhost:3001
20230910	12:50:07	603efc4e-7536-4b73-a7e1-dab5b7644f08	GET	/users	http://localhost:3001
20230910	12:50:16	e9cacecc-16f5-46c9-88b7-a8533cfaf9d2	OPTIONS	/notes	http://localhost:3001
20230910	12:50:16	1e34e311-8050-421c-a26f-86cac204c6b8	GET	/notes	http://localhost:3001
20230910	12:50:32	0b191c78-0562-48f6-a449-c60d45e70b03	OPTIONS	/notes	http://localhost:3001
20230910	12:50:32	1fe06bee-7fc7-4722-89ce-5c61bd41eaf8	GET	/notes	http://localhost:3001
20230910	12:50:35	4965e9d0-ef8f-4972-bb6b-529d72e303ad	GET	/notes	http://localhost:3001
20230910	12:50:50	fc6ae2b2-530d-4d1b-ac32-1ffb012e3064	OPTIONS	/notes	http://localhost:3001
20230910	12:50:50	5e4ef784-ae05-45df-a9b6-b06dc7a73945	POST	/notes	http://localhost:3001
20230910	12:52:36	18ddb289-23dd-4431-b25c-b08e324f9d52	GET	/auth/refresh	http://localhost:3001
20230910	12:52:37	411c1ea7-0709-40d6-a31c-1bfb27d1ac58	OPTIONS	/users	http://localhost:3001
20230910	12:52:37	6f24070f-3dc5-4d5d-b302-65c796b6c3d6	OPTIONS	/notes	http://localhost:3001
20230910	12:52:37	1f45afc3-afb6-4750-b561-ca2a627539e8	GET	/users	http://localhost:3001
20230910	12:52:37	e3b76dcc-89cb-4e3f-944f-ccc611ed0d1f	GET	/notes	http://localhost:3001
20230910	12:53:10	ddeb9b04-3b9d-4399-a0cf-283909df3db5	OPTIONS	/notes	http://localhost:3001
20230910	12:53:10	e8f0607d-d00f-413c-957b-6cbd32192044	POST	/notes	http://localhost:3001
20230910	12:53:26	a954f3ec-909a-4939-9214-4e0b0a7aa5d8	GET	/notes	undefined
20230910	12:53:26	45d05519-a161-45b4-85a4-1f4c45dc42e5	GET	/images/icons/gear.png	undefined
20230910	12:53:26	f83e1100-80b6-4c4c-aa85-9263fc944438	GET	/favicon.ico	undefined
20230910	12:54:12	92aa53dc-931d-4d64-8f43-f7e0d1e4bff9	POST	/users	undefined
20230910	12:54:33	67fbe932-6e09-4081-8178-b8106cc643e2	POST	/auth	undefined
20230910	12:55:32	124a3459-d889-4465-9662-c38c1efab585	GET	/notes	undefined
20230910	12:57:07	2cdbad7b-bf1f-440a-8dbf-a01538359fab	POST	/notes	undefined
20230910	13:02:08	ee3ff620-74b1-432a-b665-df7ee59eb419	POST	/notes	undefined
20230910	13:03:31	fe755c8b-dc11-412b-9e62-5b1c3d8a300e	POST	/notes	undefined
20230910	13:07:30	cff91fcb-0b4a-4020-a570-af39d6966bc3	POST	/notes	undefined
20230910	13:11:41	7d13ff9f-86dc-4918-9a30-589210cd4a73	POST	/notes	undefined
20230910	13:12:22	fc2d8339-9c7f-491f-a405-e4f7538916fc	POST	/auth	undefined
20230910	13:13:19	69f7c964-bdfb-466d-8e9d-35edf1ff9e1a	POST	/notes	undefined
20230910	13:17:36	a69a4d80-4173-46e5-92da-ba6a4aaa2204	POST	/notes	undefined
20230910	13:21:56	87309276-5915-436b-91be-18e34e716b42	POST	/notes	undefined
20230910	13:22:24	b8609830-8e8e-41d2-8455-cad6a3a8819a	POST	/notes	undefined
20230910	13:25:26	656aeaba-1f35-4c13-9583-becbacf33a3e	POST	/notes	undefined
20230910	13:28:01	0cafbe8c-71da-4046-a1a9-9d0b3b8891b4	POST	/notes	undefined
20230910	13:31:12	9096700f-e812-49f3-84bf-5540e43d3769	POST	/notes	undefined
20230910	13:31:33	56a05640-642c-4fce-ab81-20a7bd026be7	POST	/auth	undefined
20230910	13:32:13	0e1e7d13-06f3-4b13-9335-80d9dbb01f82	POST	/notes	undefined
20230910	13:33:02	1f781d42-09fa-43d5-9302-76dc2028be97	POST	/notes	undefined
20230910	13:38:17	fef710b2-623a-4531-96b8-49ad099f281e	POST	/notes	undefined
20230910	13:41:21	8284458d-cd57-4065-b490-147cc5556f42	POST	/notes	undefined
20230910	18:38:35	546d1fde-2cec-4764-bae5-5807b8e525b2	POST	/auth	undefined
20230910	18:39:17	7a4de6a9-3b25-48be-94de-b4a1decafe40	POST	/auth	undefined
20230910	18:39:50	7bc0d1b4-961f-4b83-8500-9bdc35f63760	POST	/auth	undefined
20230910	18:40:03	605c5a08-0138-4683-8e96-20f9a3722086	POST	/notes	undefined
20230910	18:40:50	3e4a8d70-b7f9-485e-b58b-99a144433455	POST	/notes	undefined
20230910	18:41:19	0c8c3325-6bc7-40df-966a-ac1361e900bd	POST	/notes	undefined
20230910	18:50:41	a0cf96fb-8363-450e-b9ef-f51ff9480ca7	POST	/notes	undefined
20230910	18:54:26	09ed7c6f-dbad-4715-8b52-95893247ab6a	POST	/notes	undefined
20230910	18:54:41	476b599c-7237-4ef8-9425-8d51590b62c3	POST	/auth	undefined
20230910	18:55:10	932d45ff-365f-4edf-8ec1-9c84285c69f3	POST	/notes	undefined
20230910	18:55:57	005c0c3f-2b80-46f4-8c02-fe2e16543ea8	POST	/notes	undefined
20230910	18:56:18	764926f0-c4ca-4cce-b952-239dcb9eea11	POST	/notes	undefined
20230910	19:07:10	59747c66-b153-4a2d-b2bf-0b6e59f4c713	POST	/notes	undefined
20230910	19:07:44	144458f4-5a94-473c-a54b-4f66d446358a	POST	/notes	undefined
20230910	19:08:00	10428afa-9b5b-4278-842d-74c36b154d18	POST	/notes	undefined
20230910	19:11:56	11880ae6-4fc3-404d-8013-312268606ee3	POST	/notes	undefined
20230910	19:12:07	4484c617-fd9f-4f84-9366-ca74939320b9	POST	/auth	undefined
20230910	19:12:48	a6b76049-39ba-4abc-8a6f-a44aba6a5318	POST	/notes	undefined
20230910	19:51:50	83b84251-4d16-4933-9120-1f4b6ceba2d4	POST	/auth	undefined
20230910	19:52:33	45cedd58-bb90-41d4-be57-664904bd62ae	POST	/notes	undefined
20230910	19:52:41	911e10a7-b065-44e1-9b4b-9f2f02f191f4	POST	/notes	undefined
20230910	19:55:14	60e01651-66b7-4c72-9c1d-b36f4faffdea	POST	/notes	undefined
20230910	19:57:02	a8c25618-31b3-4370-a1b4-f6b28ced52e9	POST	/notes	undefined
20230910	19:58:35	6dc779c0-1557-4d55-9c0f-0eb3048fd81a	OPTIONS	/auth/logout	http://localhost:3001
20230910	19:58:35	1e921424-7231-4951-9eec-53edc46eb24c	POST	/auth/logout	http://localhost:3001
20230910	19:58:43	c6b63ca9-03a2-456c-81f2-c83557b16edc	OPTIONS	/auth	http://localhost:3001
20230910	19:58:43	8a666897-5f32-4c83-a7c1-1dcffe58df85	POST	/auth	http://localhost:3001
20230910	19:58:43	19d83453-a1ed-4676-9406-939547a691dc	OPTIONS	/notes	http://localhost:3001
20230910	19:58:43	1f69af96-3bea-4582-8c62-90a2af8f4835	OPTIONS	/users	http://localhost:3001
20230910	19:58:43	612a4aeb-b444-4625-b3ec-42450a626b70	GET	/notes	http://localhost:3001
20230910	19:58:43	44e97393-1728-4f15-b99b-f358f111846c	GET	/users	http://localhost:3001
20230910	19:58:48	e89f4310-f126-4325-86f2-4626a0b03198	GET	/notes	http://localhost:3001
20230910	19:59:11	d5f46242-0e19-409c-94b2-4ca3aca62576	OPTIONS	/notes	http://localhost:3001
20230910	19:59:11	8bb9390d-e2c6-42ce-bdde-d53f8a49ef5c	PATCH	/notes	http://localhost:3001
20230910	19:59:12	83946e4c-e48c-4504-a526-45c4937f7c1e	GET	/notes	http://localhost:3001
20230910	19:59:20	2b10231e-eabc-48ce-88da-a7ca81dee5f9	OPTIONS	/auth/logout	http://localhost:3001
20230910	19:59:20	0723cf89-41d7-4a86-ba86-e06a342f478c	POST	/auth/logout	http://localhost:3001
20230911	10:57:14	26a8495d-9f6d-4885-8fc7-3bba70ae4e79	OPTIONS	/auth	http://localhost:3001
20230911	10:57:14	972b4ddc-e123-41e0-9ad6-151712e6f09c	POST	/auth	http://localhost:3001
20230911	10:57:14	687fa812-d852-45e0-aaea-d7dd3397bdc9	OPTIONS	/notes	http://localhost:3001
20230911	10:57:14	dd10a26f-9882-43ac-a0c2-a7eff98d0db8	OPTIONS	/users	http://localhost:3001
20230911	10:57:14	1a3fbe2e-2da2-4928-9a38-f4316d6b56f2	GET	/notes	http://localhost:3001
20230911	10:57:14	2a21aed5-d51f-4c7d-9d21-d934d4cb496c	GET	/users	http://localhost:3001
20230911	10:57:24	79013f6f-1ed9-488e-85fb-8ff2433b23bc	OPTIONS	/users	http://localhost:3001
20230911	10:57:24	a0fbde2e-7f90-4161-b9e9-4d0b8766841b	GET	/users	http://localhost:3001
20230911	10:57:32	9e04a1d1-befd-4804-aa32-5852157e7811	OPTIONS	/users	http://localhost:3001
20230911	10:57:32	ca139dc3-24fd-4c36-b1b2-fd2b27186e92	GET	/users	http://localhost:3001
20230911	10:57:48	15b339a8-6eb5-42b2-945c-c5107279c07a	OPTIONS	/users	http://localhost:3001
20230911	10:57:48	1468bb3d-eafb-42c4-b1a4-03b01b118d5f	GET	/users	http://localhost:3001
20230911	10:58:29	6f6d191d-0d28-494b-afbb-6c87dbdfe224	OPTIONS	/users	http://localhost:3001
20230911	10:58:29	70e418c9-3d96-45e9-a356-c0f3b120590b	POST	/users	http://localhost:3001
20230911	10:58:29	7ae5898e-0884-48d2-a783-51a614f030af	GET	/users	http://localhost:3001
20230911	10:58:32	a7093976-b8b8-4227-a5d9-f4ddfd369dd9	GET	/users	http://localhost:3001
20230911	10:58:41	d3fe3b51-a637-4d20-a1b2-753a51d53ce7	OPTIONS	/users	http://localhost:3001
20230911	10:58:41	16d8a8bf-a886-4323-8789-d61bffb43014	GET	/users	http://localhost:3001
20230911	10:58:53	0edf5be8-0f25-434d-8175-b1adab4e8764	OPTIONS	/users	http://localhost:3001
20230911	10:58:53	918f1012-5341-49bc-a6d3-662d05b0fe43	POST	/users	http://localhost:3001
20230911	10:58:53	e188abd6-01e4-43d7-9282-d35e91233fc1	GET	/users	http://localhost:3001
20230911	10:59:02	d21737b6-5ebf-4807-9edf-8436ce126fcd	OPTIONS	/users	http://localhost:3001
20230911	10:59:02	3f318fc2-d043-4ad6-acaa-c999fedf7777	POST	/users	http://localhost:3001
20230911	10:59:02	aeeab59f-c3f0-40cb-ab4a-8fe8e1ee7545	GET	/users	http://localhost:3001
20230911	10:59:04	340d5eca-d26d-4f28-8188-aa2a668e5d16	GET	/users	http://localhost:3001
20230911	10:59:37	9376690c-143f-4b1d-8500-330aa7999ad5	OPTIONS	/users	http://localhost:3001
20230911	10:59:37	2069ad4f-f927-49f8-aea1-ae73d33597ae	GET	/users	http://localhost:3001
20230911	10:59:50	6be6f638-105f-40fb-b035-c83c17b3cddf	OPTIONS	/users	http://localhost:3001
20230911	10:59:50	35ee164b-3758-4d89-bf45-d8edd960e5d7	GET	/users	http://localhost:3001
20230911	10:59:51	f14e5dcf-e826-407a-ba67-879c4e0cc89b	GET	/users	http://localhost:3001
20230911	10:59:51	3771e46b-c159-4124-9e37-23c52734159b	OPTIONS	/auth/logout	http://localhost:3001
20230911	10:59:51	55e8b9de-c6c8-4812-b129-be2082bd95a1	POST	/auth/logout	http://localhost:3001
20230911	11:00:12	51f08822-361c-44e6-b63e-e7d8b3a34d3d	OPTIONS	/auth	http://localhost:3001
20230911	11:00:12	8d0d8fa0-abc5-4ad5-9981-16980a728526	POST	/auth	http://localhost:3001
20230911	11:00:19	5612a0a3-bfeb-4ae3-8789-ac587751178a	OPTIONS	/auth	http://localhost:3001
20230911	11:00:19	691c4af0-cec8-4ebc-8d11-6fe635b5ca93	POST	/auth	http://localhost:3001
20230911	11:00:19	de79f62e-1a4f-4e3e-a836-f5fd258e4522	OPTIONS	/notes	http://localhost:3001
20230911	11:00:19	e48c3635-8b1e-4504-87cf-165ba704e1da	OPTIONS	/users	http://localhost:3001
20230911	11:00:19	5a50e950-78a1-473b-97f6-5321c07a1537	GET	/notes	http://localhost:3001
20230911	11:00:19	19fadbd4-fa8e-4de0-a079-621f5ef6c931	GET	/users	http://localhost:3001
20230911	11:01:23	9605ec33-0273-4df0-ab4c-f34ea365b8e9	OPTIONS	/notes	http://localhost:3001
20230911	11:01:23	8b475ab3-2910-426a-aac3-f3fa677a9995	GET	/notes	http://localhost:3001
20230911	11:02:10	bed2100f-0d02-41a4-84e2-de14993e875f	OPTIONS	/notes	http://localhost:3001
20230911	11:02:10	c6764e27-089c-4593-8856-adbfe60a5b64	PATCH	/notes	http://localhost:3001
20230911	11:02:11	6d0106b7-139c-4854-aee3-272521f0c5f0	GET	/notes	http://localhost:3001
20230911	11:02:26	cdc94eed-140d-4f82-be11-e50ed36b1c6a	OPTIONS	/notes	http://localhost:3001
20230911	11:02:26	137183d5-346b-4439-a3a4-55ac4a58ac08	GET	/notes	http://localhost:3001
20230911	11:02:41	86edd24c-3720-4ee8-8a88-6c633e98446d	OPTIONS	/notes	http://localhost:3001
20230911	11:02:41	29cc1299-6228-4cc4-9c86-5e6d46983e31	GET	/notes	http://localhost:3001
20230911	11:02:51	779316d7-73f2-428d-a41c-070b55034032	OPTIONS	/notes	http://localhost:3001
20230911	11:02:51	1cde82b6-6172-4b92-9099-3f9e542ffa3a	GET	/notes	http://localhost:3001
20230911	11:02:54	fc6732c4-6610-4d2d-aa95-9c35b5c8b81d	GET	/notes	http://localhost:3001
20230911	11:02:59	91fd9183-16cb-4787-8bbe-7d470f79a6c8	OPTIONS	/notes	http://localhost:3001
20230911	11:02:59	b6ced35e-7209-4b9c-93f3-a9678108ff7f	PATCH	/notes	http://localhost:3001
20230911	11:03:00	5b5a4dcb-97aa-49dc-b69d-014a04575ff7	GET	/notes	http://localhost:3001
20230911	11:03:15	2007767e-69ca-461e-bc92-7e8efc7c8adc	OPTIONS	/notes	http://localhost:3001
20230911	11:03:15	ab79f267-4335-491d-b15c-ccf5e9d64415	GET	/notes	http://localhost:3001
20230911	11:03:24	e0e74fd5-ed3d-4e34-af61-a011912dcb73	GET	/auth/refresh	http://localhost:3001
20230911	11:03:25	dff202c9-49be-4322-8e71-c6f8759090c8	OPTIONS	/notes	http://localhost:3001
20230911	11:03:25	c0c6f00f-e308-4190-973f-62d25b62f1a8	OPTIONS	/users	http://localhost:3001
20230911	11:03:25	722a7ce1-766d-489f-8d4a-e35a2366d790	GET	/notes	http://localhost:3001
20230911	11:03:25	317c9c5c-3f7a-4b6c-b3dd-9ceece5408b2	GET	/users	http://localhost:3001
20230911	11:03:31	f0d2b4ea-896a-48ca-b797-6a8f897dfd06	OPTIONS	/notes	http://localhost:3001
20230911	11:03:31	5b14d221-daa1-48f4-902f-8c76e2b761f3	GET	/notes	http://localhost:3001
20230911	11:03:35	f60bd976-06c5-4c23-b88a-5b2eb61f1958	OPTIONS	/notes	http://localhost:3001
20230911	11:03:35	6d9d11fd-6df5-465f-b347-ecf2d153ebc5	PATCH	/notes	http://localhost:3001
20230911	11:03:35	cc782354-497c-4890-8044-6d20fd9f638e	GET	/notes	http://localhost:3001
20230911	11:03:50	9fcec2bc-044e-4db2-9dc2-5a88db658927	OPTIONS	/notes	http://localhost:3001
20230911	11:03:50	e6c66ca3-7885-4ee4-8788-57f6bd0d99a6	GET	/notes	http://localhost:3001
20230911	11:04:05	b893e2ec-1738-45b9-8450-07e50bad0dea	OPTIONS	/notes	http://localhost:3001
20230911	11:04:05	3087de89-0d9a-42c3-82e1-ab68c0f9d0c9	GET	/notes	http://localhost:3001
20230911	11:04:20	5b01457d-eea2-4721-971d-0319b1f46ef6	OPTIONS	/notes	http://localhost:3001
20230911	11:04:20	07c3af24-48a9-49d2-acf7-2f1f60d62532	GET	/notes	http://localhost:3001
20230911	11:04:35	a77214f9-a11f-41e8-9889-4fe5ab9a3d0c	OPTIONS	/notes	http://localhost:3001
20230911	11:04:35	769bcd9e-38da-4d18-8032-586f2b974838	GET	/notes	http://localhost:3001
20230911	11:04:46	ffccf122-ee4d-48ec-87f6-89dc7b6265ca	OPTIONS	/notes	http://localhost:3001
20230911	11:04:46	4c698104-fcdc-4f43-83e2-36940585e6d4	GET	/notes	http://localhost:3001
20230911	11:04:46	75e69695-2105-472e-82ce-4843e330ae50	OPTIONS	/auth/logout	http://localhost:3001
20230911	11:04:46	19e12994-5aa7-46c9-b19d-ba3d7edbeaef	POST	/auth/logout	http://localhost:3001
20230911	11:10:44	d03cc57f-cbb0-417d-8a10-ba81aeddb675	OPTIONS	/auth	http://localhost:3001
20230911	11:10:44	f9e1ee85-699f-412e-a582-3b0638402845	POST	/auth	http://localhost:3001
20230911	11:10:44	658fd06f-9dd2-4212-a5ec-5ac3a1dea5a0	OPTIONS	/notes	http://localhost:3001
20230911	11:10:44	dfb5219a-83f8-454b-bdd5-153281f5507b	OPTIONS	/users	http://localhost:3001
20230911	11:10:44	26fc8c62-4300-41ca-afd2-055062b86f6c	GET	/notes	http://localhost:3001
20230911	11:10:44	d3350b8e-f845-407d-87a6-3e65a8434de7	GET	/users	http://localhost:3001
20230911	11:11:12	72b90ff2-1e16-40d6-a63e-ab9cc088904a	OPTIONS	/auth/logout	http://localhost:3001
20230911	11:11:12	c79e7322-706d-43bd-af12-3b1e5504e8d9	POST	/auth/logout	http://localhost:3001
20240128	11:39:33	ada8bb0d-2e2d-442f-a087-b265ed499162	OPTIONS	/auth	http://localhost:3001
20240128	11:39:33	cf196b05-26b9-44ab-96cf-e9cabe1b6a82	POST	/auth	http://localhost:3001
20240128	11:39:39	ebfe11a3-cd3c-41c1-8baa-0cfbd78b78b1	OPTIONS	/auth	http://localhost:3001
20240128	11:39:39	fbbe6500-5fa8-485a-9e7a-9b5b3d57af77	POST	/auth	http://localhost:3001
20240128	11:43:16	7bbdc1b8-3b34-4580-9cc0-27122ca7e0bb	OPTIONS	/auth	http://localhost:3001
20240128	11:43:16	4a9eb3b9-1d2c-4b7c-890d-b10b16aa0e97	POST	/auth	http://localhost:3001
20240128	11:44:30	7e2e2784-0c30-4664-9ecd-934c2706bcef	OPTIONS	/auth	http://localhost:3001
20240128	11:44:30	dc0a722e-a8e9-4c17-9eeb-f4e46ba9251b	POST	/auth	http://localhost:3001
20240128	11:44:31	de157a74-cac4-4606-9afa-5b56ace06ecd	OPTIONS	/notes	http://localhost:3001
20240128	11:44:31	bde10dc0-a14e-49f0-888f-d0362ced5792	OPTIONS	/users	http://localhost:3001
20240128	11:44:31	0c82908d-a823-4036-a2db-c9c7d0744e15	GET	/notes	http://localhost:3001
20240128	11:44:31	b0156319-d6a7-423b-8767-6571e3671750	GET	/users	http://localhost:3001
